<?xml version="1.0" encoding="UTF-8"?>
<!-- Generated by org.testng.reporters.JUnitReportReporter -->
<testsuite skipped="0" hostname="DESKTOP-546B88L" name="sampleTest2_Version2.SampleTest2_Version2" tests="1" failures="0" timestamp="18 Feb 2025 16:25:33 GMT" time="3.190" errors="0">
  <testcase name="loadGoogle" time="3.190" classname="sampleTest2_Version2.SampleTest2_Version2"/>
</testsuite> <!-- sampleTest2_Version2.SampleTest2_Version2 -->
