<?xml version="1.0" encoding="UTF-8"?>
<!-- Generated by org.testng.reporters.JUnitReportReporter -->
<testsuite skipped="0" hostname="DESKTOP-546B88L" name="sample1.SampleTest1" tests="1" failures="0" timestamp="18 Feb 2025 16:25:33 GMT" time="4.384" errors="0">
  <testcase name="loadGoogle" time="4.384" classname="sample1.SampleTest1"/>
</testsuite> <!-- sample1.SampleTest1 -->
